<?xml version="1.0" encoding="UTF-8"?>
<!-- Generated by org.testng.reporters.JUnitReportReporter -->
<testsuite hostname="DESKTOP-HOI4KIH" failures="0" tests="2" name="com.jspl_automation.OutboundTask.ClaimVerificationTask" time="16.085" errors="0" timestamp="2025-02-04T14:28:03 IST" skipped="0">
  <testcase classname="com.jspl_automation.OutboundTask.ClaimVerificationTask" name="enterclaimDataForClaimVerification" time="14.357"/>
  <system-out/>
  <testcase classname="com.jspl_automation.OutboundTask.ClaimVerificationTask" name="verifyTotalCalimPointsOfClaimVerification" time="1.728"/>
  <system-out/>
</testsuite> <!-- com.jspl_automation.OutboundTask.ClaimVerificationTask -->
