<?xml version="1.0" encoding="UTF-8"?>
<!-- Generated by org.testng.reporters.JUnitReportReporter -->
<testsuite hostname="DESKTOP-HOI4KIH" failures="0" tests="55" name="com.jspl_automation.test.CallMeTask1" time="88.084" errors="1" timestamp="2025-02-20T18:09:38 IST" skipped="0">
  <testcase classname="com.jspl_automation.test.CallMeTask1" name="callCloseTaskbuttonclickable" time="0.804"/>
  <system-out/>
  <testcase classname="com.jspl_automation.test.CallMeTask1" name="callCloseTaskSubmitbuttonclickable" time="0.215"/>
  <system-out/>
  <testcase classname="com.jspl_automation.test.CallMeTask1" name="callCloseTaskSubmitBreakbuttonclickable" time="0.252"/>
  <system-out/>
  <testcase classname="com.jspl_automation.test.CallMeTask1" name="callCloseTaskCancelbuttonclickable" time="0.321"/>
  <system-out/>
  <testcase classname="com.jspl_automation.test.CallMeTask1" name="callCloseTaskCrossIconclickable" time="0.922"/>
  <system-out/>
  <testcase classname="com.jspl_automation.test.CallMeTask1" name="callRescheduledbuttonclickable" time="0.851"/>
  <system-out/>
  <testcase classname="com.jspl_automation.test.CallMeTask1" name="callRescheduledSubmitbuttonclickable" time="0.183"/>
  <system-out/>
  <testcase classname="com.jspl_automation.test.CallMeTask1" name="callRescheduledSubmitBreakbuttonclickable" time="0.326"/>
  <system-out/>
  <testcase classname="com.jspl_automation.test.CallMeTask1" name="callRescheduledCancelbuttonclickable" time="0.376"/>
  <system-out/>
  <testcase classname="com.jspl_automation.test.CallMeTask1" name="callRescheduledCrossIconclickable" time="1.035"/>
  <system-out/>
  <testcase classname="com.jspl_automation.test.CallMeTask1" name="callCatalogClickable" time="0.329"/>
  <system-out/>
  <testcase classname="com.jspl_automation.test.CallMeTask1" name="callCatalogProductClickable" time="0.845"/>
  <system-out/>
  <testcase classname="com.jspl_automation.test.CallMeTask1" name="callCatalogProductCrossIconClickable" time="0.236"/>
  <system-out/>
  <testcase classname="com.jspl_automation.test.CallMeTask1" name="callPointsClickable" time="0.320"/>
  <system-out/>
  <testcase classname="com.jspl_automation.test.CallMeTask1" name="callPointsOptionClickable" time="0.966"/>
  <system-out/>
  <testcase classname="com.jspl_automation.test.CallMeTask1" name="callPointsOptionCrossIconClickable" time="0.229"/>
  <system-out/>
  <testcase classname="com.jspl_automation.test.CallMeTask1" name="callEscalationClickable" time="0.273"/>
  <system-out/>
  <testcase classname="com.jspl_automation.test.CallMeTask1" name="callEscalationListClickable" time="0.867"/>
  <system-out/>
  <testcase classname="com.jspl_automation.test.CallMeTask1" name="callEscalationListCrossIconClickable" time="0.152"/>
  <system-out/>
  <testcase classname="com.jspl_automation.test.CallMeTask1" name="callAddEscalationClickable" time="0.998"/>
  <system-out/>
  <testcase classname="com.jspl_automation.test.CallMeTask1" name="callAddEscalationSubmitClickable" time="0.175"/>
  <system-out/>
  <testcase classname="com.jspl_automation.test.CallMeTask1" name="callAddEscalationCancelClickable" time="0.209"/>
  <system-out/>
  <testcase classname="com.jspl_automation.test.CallMeTask1" name="callAddEscalationCrossIconClickable" time="1.105"/>
  <system-out/>
  <testcase classname="com.jspl_automation.test.CallMeTask1" name="callRedemptionClickable" time="0.248"/>
  <system-out/>
  <testcase classname="com.jspl_automation.test.CallMeTask1" name="callRedemptionHistoryClickable" time="0.805"/>
  <system-out/>
  <testcase classname="com.jspl_automation.test.CallMeTask1" name="callRedemptionHistoryCrossIconClickable" time="0.145"/>
  <system-out/>
  <testcase classname="com.jspl_automation.test.CallMeTask1" name="callAddRedemptionClickable" time="1.039"/>
  <system-out/>
  <testcase classname="com.jspl_automation.test.CallMeTask1" name="callAddRedemptionSubmitClickable" time="0.207"/>
  <system-out/>
  <testcase classname="com.jspl_automation.test.CallMeTask1" name="callAddRedemptionCancelClickable" time="0.207"/>
  <system-out/>
  <testcase classname="com.jspl_automation.test.CallMeTask1" name="callAddRedemptionCrossIconClickable" time="1.031"/>
  <system-out/>
  <testcase classname="com.jspl_automation.test.CallMeTask1" name="CallClaimAddButtonClickable" time="0.232"/>
  <system-out/>
  <testcase classname="com.jspl_automation.test.CallMeTask1" name="CallAddClaimButtonClickable" time="0.817"/>
  <system-out/>
  <testcase classname="com.jspl_automation.test.CallMeTask1" name="callAddClaimSubmitButtonClickable" time="0.221"/>
  <system-out/>
  <testcase classname="com.jspl_automation.test.CallMeTask1" name="callAddClaimCancelButtonClickable" time="0.195"/>
  <system-out/>
  <testcase classname="com.jspl_automation.test.CallMeTask1" name="callAddClaimCrossButtonClickable" time="1.003"/>
  <system-out/>
  <testcase classname="com.jspl_automation.test.CallMeTask1" name="callClaimStatusClickable" time="0.951"/>
  <system-out/>
  <testcase classname="com.jspl_automation.test.CallMeTask1" name="callClaimStatusCrossClickable" time="0.147"/>
  <system-out/>
  <testcase classname="com.jspl_automation.test.CallMeTask1" name="callVerifyClaimClickable" time="0.402"/>
  <system-out/>
  <testcase classname="com.jspl_automation.test.CallMeTask1" name="callAddEscalation" time="2.081"/>
  <system-out/>
  <testcase classname="com.jspl_automation.test.CallMeTask1" name="callSubmitEscalationVerifyNavigation" time="0.788"/>
  <system-out/>
  <testcase classname="com.jspl_automation.test.CallMeTask1" name="VerifyCallEscaListNameFilter" time="1.370"/>
  <system-out/>
  <testcase classname="com.jspl_automation.test.CallMeTask1" name="callAddClaimDealFieldMandotory" time="1.409"/>
  <system-out/>
  <testcase classname="com.jspl_automation.test.CallMeTask1" name="callAddClaimCustNameFieldMandotory" time="1.232"/>
  <system-out/>
  <testcase classname="com.jspl_automation.test.CallMeTask1" name="callAddClaimCustContactFieldMandotory" time="1.287"/>
  <system-out/>
  <testcase classname="com.jspl_automation.test.CallMeTask1" name="callAddClaimAddressFieldMandotory" time="1.406"/>
  <system-out/>
  <testcase classname="com.jspl_automation.test.CallMeTask1" name="callAddClaimProductFieldMandotory" time="1.362"/>
  <system-out/>
  <testcase classname="com.jspl_automation.test.CallMeTask1" name="callAddClaimPointsFieldMandotory" time="1.356"/>
  <system-out/>
  <testcase classname="com.jspl_automation.test.CallMeTask1" name="callAddClaimQtyFieldMandotory" time="1.436"/>
  <system-out/>
  <testcase classname="com.jspl_automation.test.CallMeTask1" name="callAddClaimNotSelectProductClickAddButton" time="7.748"/>
  <system-out/>
  <testcase classname="com.jspl_automation.test.CallMeTask1" name="callAddClaimNotSelectProductClickDeleteButton" time="7.667"/>
  <system-out/>
  <testcase classname="com.jspl_automation.test.CallMeTask1" name="callEnterClaimData" time="14.617"/>
  <system-out/>
  <testcase classname="com.jspl_automation.test.CallMeTask1" name="callAddClaimProducts" time="8.270"/>
  <system-out/>
  <testcase classname="com.jspl_automation.test.CallMeTask1" name="callAddClaimProducts" time="8.241"/>
  <system-out/>
  <testcase classname="com.jspl_automation.test.CallMeTask1" name="callAddClaimProducts" time="8.059"/>
  <system-out/>
  <testcase classname="com.jspl_automation.test.CallMeTask1" name="verifyCallClaimTotalPoints" time="0.116">
    <error message="For input string: &quot;&quot;" type="java.lang.NumberFormatException">
      <![CDATA[java.lang.NumberFormatException: For input string: ""
at java.base/java.lang.NumberFormatException.forInputString(NumberFormatException.java:67)
at java.base/java.lang.Integer.parseInt(Integer.java:672)
at java.base/java.lang.Integer.parseInt(Integer.java:778)
at com.jspl_automation.test.CallMeTask1.verifyCallClaimTotalPoints(CallMeTask1.java:1328)
at java.base/jdk.internal.reflect.DirectMethodHandleAccessor.invoke(DirectMethodHandleAccessor.java:103)
at java.base/java.lang.reflect.Method.invoke(Method.java:580)
at org.testng.internal.MethodInvocationHelper.invokeMethod(MethodInvocationHelper.java:133)
at org.testng.internal.TestInvoker.invokeMethod(TestInvoker.java:598)
at org.testng.internal.TestInvoker.invokeTestMethod(TestInvoker.java:173)
at org.testng.internal.MethodRunner.runInSequence(MethodRunner.java:46)
at org.testng.internal.TestInvoker$MethodInvocationAgent.invoke(TestInvoker.java:824)
at org.testng.internal.TestInvoker.invokeTestMethods(TestInvoker.java:146)
at org.testng.internal.TestMethodWorker.invokeTestMethods(TestMethodWorker.java:146)
at org.testng.internal.TestMethodWorker.run(TestMethodWorker.java:128)
at java.base/java.util.ArrayList.forEach(ArrayList.java:1596)
at org.testng.TestRunner.privateRun(TestRunner.java:794)
at org.testng.TestRunner.run(TestRunner.java:596)
at org.testng.SuiteRunner.runTest(SuiteRunner.java:377)
at org.testng.SuiteRunner.runSequentially(SuiteRunner.java:371)
at org.testng.SuiteRunner.privateRun(SuiteRunner.java:332)
at org.testng.SuiteRunner.run(SuiteRunner.java:276)
at org.testng.SuiteRunnerWorker.runSuite(SuiteRunnerWorker.java:53)
at org.testng.SuiteRunnerWorker.run(SuiteRunnerWorker.java:96)
at org.testng.TestNG.runSuitesSequentially(TestNG.java:1212)
at org.testng.TestNG.runSuitesLocally(TestNG.java:1134)
at org.testng.TestNG.runSuites(TestNG.java:1063)
at org.testng.TestNG.run(TestNG.java:1031)
at org.testng.remote.AbstractRemoteTestNG.run(AbstractRemoteTestNG.java:115)
at org.testng.remote.RemoteTestNG.initAndRun(RemoteTestNG.java:293)
at org.testng.remote.RemoteTestNG.main(RemoteTestNG.java:91)
]]>
    </error>
  </testcase> <!-- verifyCallClaimTotalPoints -->
  <system-out/>
</testsuite> <!-- com.jspl_automation.test.CallMeTask1 -->
