<?xml version="1.0" encoding="UTF-8"?>
<!-- Generated by org.testng.reporters.JUnitReportReporter -->
<testsuite hostname="DESKTOP-HOI4KIH" failures="0" tests="5" name="com.jspl_automation.test.InfluenecerVerificationTask1" time="10.671" errors="0" timestamp="2025-02-17T10:33:54 IST" skipped="0">
  <testcase classname="com.jspl_automation.test.InfluenecerVerificationTask1" name="dashboardNameFilter" time="0.771"/>
  <system-out/>
  <testcase classname="com.jspl_automation.test.InfluenecerVerificationTask1" name="openTaskActivity" time="2.877"/>
  <system-out/>
  <testcase classname="com.jspl_automation.test.InfluenecerVerificationTask1" name="dashboardFilterIconClick" time="0.744"/>
  <system-out/>
  <testcase classname="com.jspl_automation.test.InfluenecerVerificationTask1" name="dashboardFilterCrossClick" time="0.147"/>
  <system-out/>
  <testcase classname="com.jspl_automation.test.InfluenecerVerificationTask1" name="applyDateFiler" time="6.132"/>
  <system-out/>
</testsuite> <!-- com.jspl_automation.test.InfluenecerVerificationTask1 -->
