<?xml version="1.0" encoding="UTF-8"?>
<!-- Generated by org.testng.reporters.JUnitReportReporter -->
<testsuite hostname="DESKTOP-HOI4KIH" failures="0" tests="12" name="com.jspl_automation.test.ClaimVerificationTask1" time="235.237" errors="0" timestamp="2025-02-11T16:56:54 IST" skipped="0">
  <testcase classname="com.jspl_automation.test.ClaimVerificationTask1" name="claimVerifRescheduleNotInterestedSubmitBreak" time="12.521"/>
  <system-out/>
  <testcase classname="com.jspl_automation.test.ClaimVerificationTask1" name="claimVerifRescheduleNotInterestedTaskStatus" time="2.117"/>
  <system-out/>
  <testcase classname="com.jspl_automation.test.ClaimVerificationTask1" name="claimVerifRescheduleNotInterestedSubmit" time="52.355"/>
  <system-out/>
  <testcase classname="com.jspl_automation.test.ClaimVerificationTask1" name="claimVerifRescheduleRingNotReceivedSubmitBreak" time="11.348"/>
  <system-out/>
  <testcase classname="com.jspl_automation.test.ClaimVerificationTask1" name="claimVerifRescheduleRingNotReceivedTaskStatus" time="2.132"/>
  <system-out/>
  <testcase classname="com.jspl_automation.test.ClaimVerificationTask1" name="claimVerifRescheduleRingNotReceivedSubmit" time="52.205"/>
  <system-out/>
  <testcase classname="com.jspl_automation.test.ClaimVerificationTask1" name="claimVerifRescheduleCallBackLaterSubmitBreak" time="11.988"/>
  <system-out/>
  <testcase classname="com.jspl_automation.test.ClaimVerificationTask1" name="claimVerifRescheduleCallBackLaterTaskStatus" time="2.110"/>
  <system-out/>
  <testcase classname="com.jspl_automation.test.ClaimVerificationTask1" name="claimVerifRescheduleCallBackLaterSubmit" time="52.254"/>
  <system-out/>
  <testcase classname="com.jspl_automation.test.ClaimVerificationTask1" name="claimVerifRescheduleWrongNoSubmitBreak" time="11.783"/>
  <system-out/>
  <testcase classname="com.jspl_automation.test.ClaimVerificationTask1" name="claimVerifRescheduleWrongNoTaskStatus" time="2.131"/>
  <system-out/>
  <testcase classname="com.jspl_automation.test.ClaimVerificationTask1" name="claimVerifRescheduleWrongNoSubmit" time="22.293"/>
  <system-out/>
</testsuite> <!-- com.jspl_automation.test.ClaimVerificationTask1 -->
