<?xml version="1.0" encoding="UTF-8"?>
<!-- Generated by org.testng.reporters.JUnitReportReporter -->
<testsuite hostname="DESKTOP-HOI4KIH" failures="0" tests="5" name="com.jspl_automation.OutboundTask.InfluencerVerificationTask" time="14.715" errors="0" timestamp="2025-02-06T15:00:33 IST" skipped="0">
  <testcase classname="com.jspl_automation.OutboundTask.InfluencerVerificationTask" name="inns" time="14.706"/>
  <system-out/>
  <testcase classname="com.jspl_automation.OutboundTask.InfluencerVerificationTask" name="inflVefBySubmitBreakButton" time="0.003"/>
  <system-out/>
  <testcase classname="com.jspl_automation.OutboundTask.InfluencerVerificationTask" name="inflVefBySubmitBreakButtonVerifyNextCall" time="0.002"/>
  <system-out/>
  <testcase classname="com.jspl_automation.OutboundTask.InfluencerVerificationTask" name="inflVefCheckTaskStatusOnDashboard" time="0.002"/>
  <system-out/>
  <testcase classname="com.jspl_automation.OutboundTask.InfluencerVerificationTask" name="inflVefBySubmitButton" time="0.002"/>
  <system-out/>
</testsuite> <!-- com.jspl_automation.OutboundTask.InfluencerVerificationTask -->
