<?xml version="1.0" encoding="UTF-8"?>
<!-- Generated by org.testng.reporters.JUnitReportReporter -->
<testsuite hostname="DESKTOP-HOI4KIH" failures="0" tests="1" name="com.jspl_automation.ExtentReports.ExtentReport" time="5.605" errors="0" timestamp="2025-01-26T17:16:10 IST" skipped="0">
  <testcase classname="com.jspl_automation.ExtentReports.ExtentReport" name="initialization" time="5.605"/>
  <system-out/>
</testsuite> <!-- com.jspl_automation.ExtentReports.ExtentReport -->
