<?xml version="1.0" encoding="UTF-8"?>
<!-- Generated by org.testng.reporters.JUnitReportReporter -->
<testsuite hostname="DESKTOP-HOI4KIH" failures="0" tests="7" name="com.jspl_automation.test.LoginTest" time="11.049" errors="0" timestamp="2025-02-27T17:29:15 IST" skipped="0">
  <testcase classname="com.jspl_automation.test.LoginTest" name="loginByInvalidCredentials" time="1.490"/>
  <system-out/>
  <testcase classname="com.jspl_automation.test.LoginTest" name="loginByInvalidCredentials" time="3.718"/>
  <system-out/>
  <testcase classname="com.jspl_automation.test.LoginTest" name="loginByInvalidCredentials" time="2.034"/>
  <system-out/>
  <testcase classname="com.jspl_automation.test.LoginTest" name="loginByBlankCredentials" time="0.937"/>
  <system-out/>
  <testcase classname="com.jspl_automation.test.LoginTest" name="loginByBlankCredentials" time="0.839"/>
  <system-out/>
  <testcase classname="com.jspl_automation.test.LoginTest" name="loginByBlankCredentials" time="0.941"/>
  <system-out/>
  <testcase classname="com.jspl_automation.test.LoginTest" name="loginByValidCredentials" time="1.090"/>
  <system-out/>
</testsuite> <!-- com.jspl_automation.test.LoginTest -->
